/*C1*/SET SCHEMA SYSTEM_LOBS
INSERT INTO BLOCKS VALUES(0,2147483647,0)
COMMIT
/*C2*/SET SCHEMA PUBLIC
CREATE TABLE DATABASECHANGELOGLOCK (ID INT NOT NULL, LOCKED BOOLEAN NOT NULL, LOCKGRANTED TIMESTAMP, LOCKEDBY VARCHAR(255), CONSTRAINT PK_DATABASECHANGELOGLOCK PRIMARY KEY (ID))
INSERT INTO DATABASECHANGELOGLOCK VALUES(1,FALSE,NULL,NULL)
COMMIT
DELETE FROM DATABASECHANGELOGLOCK WHERE ID=1
INSERT INTO DATABASECHANGELOGLOCK VALUES(1,TRUE,'2014-11-23 13:31:08.341000','\u0410\u043b\u0451\u043d\u0430-\u041f\u041a (192.168.110.1)')
COMMIT
CREATE TABLE DATABASECHANGELOG (ID VARCHAR(63) NOT NULL, AUTHOR VARCHAR(63) NOT NULL, FILENAME VARCHAR(200) NOT NULL, DATEEXECUTED TIMESTAMP NOT NULL, ORDEREXECUTED INT NOT NULL, EXECTYPE VARCHAR(10) NOT NULL, MD5SUM VARCHAR(35), DESCRIPTION VARCHAR(255), COMMENTS VARCHAR(255), TAG VARCHAR(255), LIQUIBASE VARCHAR(20), CONSTRAINT PK_DATABASECHANGELOG PRIMARY KEY (ID, AUTHOR, FILENAME))
CREATE TABLE USERS (USERS_ID INT GENERATED BY DEFAULT AS IDENTITY NOT NULL, USERS_LOGIN VARCHAR(32) NOT NULL, USERS_PASSWORD VARCHAR(64) NOT NULL, USERS_SALT VARCHAR(16) NOT NULL, CONSTRAINT PK_USERS PRIMARY KEY (USERS_ID))
INSERT INTO DATABASECHANGELOG VALUES('create_table_users_22112014','velikanova_alenka','src/main/resources/liquibase/versions/initial/changelog_00.xml','2014-11-23 13:31:10.596000',1,'EXECUTED','7:a1fa82aaab52561dfed12f72e0b3f13f','Create Table','',NULL,'3.0.4')
COMMIT
ALTER TABLE USERS ADD UNIQUE (USERS_LOGIN)
INSERT INTO DATABASECHANGELOG VALUES('add_uq_to_users_22112014','velikanova_alenka','src/main/resources/liquibase/versions/initial/changelog_00.xml','2014-11-23 13:31:10.644000',2,'EXECUTED','7:9403c0ee4251432eb8e01f46d0de5085','Adds a unique constrant to an existing column or set of columns.','',NULL,'3.0.4')
COMMIT
DELETE FROM DATABASECHANGELOGLOCK WHERE ID=1
INSERT INTO DATABASECHANGELOGLOCK VALUES(1,FALSE,NULL,NULL)
COMMIT
DELETE FROM DATABASECHANGELOGLOCK WHERE ID=1
INSERT INTO DATABASECHANGELOGLOCK VALUES(1,FALSE,NULL,NULL)
COMMIT
DISCONNECT
/*C4*/SET SCHEMA PUBLIC
DISCONNECT
/*C5*/SET SCHEMA PUBLIC
DELETE FROM DATABASECHANGELOGLOCK WHERE ID=1
INSERT INTO DATABASECHANGELOGLOCK VALUES(1,TRUE,'2014-11-23 13:36:38.588000','\u0410\u043b\u0451\u043d\u0430-\u041f\u041a (192.168.110.1)')
COMMIT
INSERT INTO USERS VALUES(0,'user','fbaf6205f15778a024b9e284462063d9df9c00d84b56b06a05aea2de47ba27a4','[B@1bc0b2eb')
COMMIT
INSERT INTO DATABASECHANGELOG VALUES('insert_test_user_23112014','velikanova_alenka','src/main/resources/liquibase/versions/initial/changelog_00.xml','2014-11-23 13:36:42.601000',3,'EXECUTED','7:4f68b69bfea2827b2fc3159399d2d8b0','Inserts data into an existing table','',NULL,'3.0.4')
COMMIT
DELETE FROM DATABASECHANGELOGLOCK WHERE ID=1
INSERT INTO DATABASECHANGELOGLOCK VALUES(1,FALSE,NULL,NULL)
COMMIT
DELETE FROM DATABASECHANGELOGLOCK WHERE ID=1
INSERT INTO DATABASECHANGELOGLOCK VALUES(1,FALSE,NULL,NULL)
COMMIT
DISCONNECT
/*C6*/SET SCHEMA PUBLIC
DISCONNECT
/*C7*/SET SCHEMA PUBLIC
DISCONNECT
/*C8*/SET SCHEMA PUBLIC
DISCONNECT
/*C9*/SET SCHEMA PUBLIC
DISCONNECT
/*C10*/SET SCHEMA PUBLIC
DISCONNECT
/*C11*/SET SCHEMA PUBLIC
DISCONNECT
/*C12*/SET SCHEMA PUBLIC
DISCONNECT
/*C13*/SET SCHEMA PUBLIC
DISCONNECT
